const postgresqlExamples = {
  default: `[
    {
        "Plan": {
            "Node Type": "Hash Join",
            "Parallel Aware": false,
            "Async Capable": false,
            "Join Type": "Left",
            "Startup Cost": 3.3,
            "Total Cost": 24.77,
            "Plan Rows": 100,
            "Plan Width": 208,
            "Actual Startup Time": 0.353,
            "Actual Total Time": 0.354,
            "Actual Rows": 0,
            "Actual Loops": 1,
            "Output": [
                "d.datname",
                "c.relname",
                "CASE s.param1 WHEN 0 THEN 'initializing'::text WHEN 1 THEN 'scanning heap'::text WHEN 2 THEN 'vacuuming indexes'::text WHEN 3 THEN 'vacuuming heap'::text WHEN 4 THEN 'cleaning up indexes'::text WHEN 5 THEN 'truncating heap'::text WHEN 6 THEN 'performing final cleanup'::text ELSE NULL::text END",
                "s.param2",
                "s.param3",
                "s.param4",
                "s.param5",
                "s.param6",
                "s.param7"
            ],
            "Inner Unique": true,
            "Hash Cond": "(s.datid = d.oid)",
            "Shared Hit Blocks": 1,
            "Shared Read Blocks": 0,
            "Shared Dirtied Blocks": 0,
            "Shared Written Blocks": 0,
            "Local Hit Blocks": 0,
            "Local Read Blocks": 0,
            "Local Dirtied Blocks": 0,
            "Local Written Blocks": 0,
            "Temp Read Blocks": 0,
            "Temp Written Blocks": 0,
            "Plans": [
                {
                    "Node Type": "Hash Join",
                    "Parent Relationship": "Outer",
                    "Parallel Aware": false,
                    "Async Capable": false,
                    "Join Type": "Inner",
                    "Startup Cost": 2.25,
                    "Total Cost": 21.7,
                    "Plan Rows": 100,
                    "Plan Width": 124,
                    "Actual Startup Time": 0.353,
                    "Actual Total Time": 0.353,
                    "Actual Rows": 0,
                    "Actual Loops": 1,
                    "Output": [
                        "s.param1",
                        "s.param2",
                        "s.param3",
                        "s.param4",
                        "s.param5",
                        "s.param6",
                        "s.param7",
                        "s.datid",
                        "c.relname"
                    ],
                    "Inner Unique": false,
                    "Hash Cond": "(c.oid = s.relid)",
                    "Shared Hit Blocks": 1,
                    "Shared Read Blocks": 0,
                    "Shared Dirtied Blocks": 0,
                    "Shared Written Blocks": 0,
                    "Local Hit Blocks": 0,
                    "Local Read Blocks": 0,
                    "Local Dirtied Blocks": 0,
                    "Local Written Blocks": 0,
                    "Temp Read Blocks": 0,
                    "Temp Written Blocks": 0,
                    "Plans": [
                        {
                            "Node Type": "Seq Scan",
                            "Parent Relationship": "Outer",
                            "Parallel Aware": false,
                            "Async Capable": false,
                            "Relation Name": "pg_class",
                            "Schema": "pg_catalog",
                            "Alias": "c",
                            "Startup Cost": 0.0,
                            "Total Cost": 16.96,
                            "Plan Rows": 396,
                            "Plan Width": 68,
                            "Actual Startup Time": 0.005,
                            "Actual Total Time": 0.005,
                            "Actual Rows": 1,
                            "Actual Loops": 1,
                            "Output": [
                                "c.oid",
                                "c.relname",
                                "c.relnamespace",
                                "c.reltype",
                                "c.reloftype",
                                "c.relowner",
                                "c.relam",
                                "c.relfilenode",
                                "c.reltablespace",
                                "c.relpages",
                                "c.reltuples",
                                "c.relallvisible",
                                "c.reltoastrelid",
                                "c.relhasindex",
                                "c.relisshared",
                                "c.relpersistence",
                                "c.relkind",
                                "c.relnatts",
                                "c.relchecks",
                                "c.relhasrules",
                                "c.relhastriggers",
                                "c.relhassubclass",
                                "c.relrowsecurity",
                                "c.relforcerowsecurity",
                                "c.relispopulated",
                                "c.relreplident",
                                "c.relispartition",
                                "c.relrewrite",
                                "c.relfrozenxid",
                                "c.relminmxid",
                                "c.relacl",
                                "c.reloptions",
                                "c.relpartbound"
                            ],
                            "Shared Hit Blocks": 1,
                            "Shared Read Blocks": 0,
                            "Shared Dirtied Blocks": 0,
                            "Shared Written Blocks": 0,
                            "Local Hit Blocks": 0,
                            "Local Read Blocks": 0,
                            "Local Dirtied Blocks": 0,
                            "Local Written Blocks": 0,
                            "Temp Read Blocks": 0,
                            "Temp Written Blocks": 0
                        },
                        {
                            "Node Type": "Hash",
                            "Parent Relationship": "Inner",
                            "Parallel Aware": false,
                            "Async Capable": false,
                            "Startup Cost": 1.0,
                            "Total Cost": 1.0,
                            "Plan Rows": 100,
                            "Plan Width": 64,
                            "Actual Startup Time": 0.338,
                            "Actual Total Time": 0.338,
                            "Actual Rows": 0,
                            "Actual Loops": 1,
                            "Output": [
                                "s.param1",
                                "s.param2",
                                "s.param3",
                                "s.param4",
                                "s.param5",
                                "s.param6",
                                "s.param7",
                                "s.datid",
                                "s.relid"
                            ],
                            "Hash Buckets": 1024,
                            "Original Hash Buckets": 1024,
                            "Hash Batches": 1,
                            "Original Hash Batches": 1,
                            "Peak Memory Usage": 8,
                            "Shared Hit Blocks": 0,
                            "Shared Read Blocks": 0,
                            "Shared Dirtied Blocks": 0,
                            "Shared Written Blocks": 0,
                            "Local Hit Blocks": 0,
                            "Local Read Blocks": 0,
                            "Local Dirtied Blocks": 0,
                            "Local Written Blocks": 0,
                            "Temp Read Blocks": 0,
                            "Temp Written Blocks": 0,
                            "Plans": [
                                {
                                    "Node Type": "Function Scan",
                                    "Parent Relationship": "Outer",
                                    "Parallel Aware": false,
                                    "Async Capable": false,
                                    "Function Name": "pg_stat_get_progress_info",
                                    "Schema": "pg_catalog",
                                    "Alias": "s",
                                    "Startup Cost": 0.0,
                                    "Total Cost": 1.0,
                                    "Plan Rows": 100,
                                    "Plan Width": 64,
                                    "Actual Startup Time": 0.338,
                                    "Actual Total Time": 0.338,
                                    "Actual Rows": 0,
                                    "Actual Loops": 1,
                                    "Output": [
                                        "s.param1",
                                        "s.param2",
                                        "s.param3",
                                        "s.param4",
                                        "s.param5",
                                        "s.param6",
                                        "s.param7",
                                        "s.datid",
                                        "s.relid"
                                    ],
                                    "Function Call": "pg_stat_get_progress_info('VACUUM'::text)",
                                    "Shared Hit Blocks": 0,
                                    "Shared Read Blocks": 0,
                                    "Shared Dirtied Blocks": 0,
                                    "Shared Written Blocks": 0,
                                    "Local Hit Blocks": 0,
                                    "Local Read Blocks": 0,
                                    "Local Dirtied Blocks": 0,
                                    "Local Written Blocks": 0,
                                    "Temp Read Blocks": 0,
                                    "Temp Written Blocks": 0
                                }
                            ]
                        }
                    ]
                },
                {
                    "Node Type": "Hash",
                    "Parent Relationship": "Inner",
                    "Parallel Aware": false,
                    "Async Capable": false,
                    "Startup Cost": 1.02,
                    "Total Cost": 1.02,
                    "Plan Rows": 2,
                    "Plan Width": 68,
                    "Actual Startup Time": 0.0,
                    "Actual Total Time": 0.0,
                    "Actual Rows": 0,
                    "Actual Loops": 0,
                    "Output": ["d.datname", "d.oid"],
                    "Shared Hit Blocks": 0,
                    "Shared Read Blocks": 0,
                    "Shared Dirtied Blocks": 0,
                    "Shared Written Blocks": 0,
                    "Local Hit Blocks": 0,
                    "Local Read Blocks": 0,
                    "Local Dirtied Blocks": 0,
                    "Local Written Blocks": 0,
                    "Temp Read Blocks": 0,
                    "Temp Written Blocks": 0,
                    "Plans": [
                        {
                            "Node Type": "Seq Scan",
                            "Parent Relationship": "Outer",
                            "Parallel Aware": false,
                            "Async Capable": false,
                            "Relation Name": "pg_database",
                            "Schema": "pg_catalog",
                            "Alias": "d",
                            "Startup Cost": 0.0,
                            "Total Cost": 1.02,
                            "Plan Rows": 2,
                            "Plan Width": 68,
                            "Actual Startup Time": 0.0,
                            "Actual Total Time": 0.0,
                            "Actual Rows": 0,
                            "Actual Loops": 0,
                            "Output": ["d.datname", "d.oid"],
                            "Shared Hit Blocks": 0,
                            "Shared Read Blocks": 0,
                            "Shared Dirtied Blocks": 0,
                            "Shared Written Blocks": 0,
                            "Local Hit Blocks": 0,
                            "Local Read Blocks": 0,
                            "Local Dirtied Blocks": 0,
                            "Local Written Blocks": 0,
                            "Temp Read Blocks": 0,
                            "Temp Written Blocks": 0
                        }
                    ]
                }
            ]
        },
        "Query Identifier": 881890834747700445,
        "Planning": {
            "Shared Hit Blocks": 157,
            "Shared Read Blocks": 0,
            "Shared Dirtied Blocks": 0,
            "Shared Written Blocks": 0,
            "Local Hit Blocks": 0,
            "Local Read Blocks": 0,
            "Local Dirtied Blocks": 0,
            "Local Written Blocks": 0,
            "Temp Read Blocks": 0,
            "Temp Written Blocks": 0
        },
        "Planning Time": 1.123,
        "Triggers": [],
        "Execution Time": 0.689
    }
]`,
};

export default postgresqlExamples;
